<?xml version="1.0" encoding="UTF-8"?>
<coverage generated="1681665971630" clover="3.2.0">
  <project timestamp="1681665971630" name="All files">
    <metrics statements="41" coveredstatements="32" conditionals="29" coveredconditionals="8" methods="17" coveredmethods="9" elements="87" coveredelements="49" complexity="0" loc="41" ncloc="41" packages="4" files="6" classes="6"/>
    <package name="src">
      <metrics statements="18" coveredstatements="13" conditionals="24" coveredconditionals="5" methods="9" coveredmethods="4"/>
      <file name="index.ts" path="D:\Programming\Projects\Packages\request-details\src\index.ts">
        <metrics statements="2" coveredstatements="2" conditionals="0" coveredconditionals="0" methods="0" coveredmethods="0"/>
        <line num="1" count="1" type="stmt"/>
        <line num="2" count="1" type="stmt"/>
      </file>
      <file name="request_detail.ts" path="D:\Programming\Projects\Packages\request-details\src\request_detail.ts">
        <metrics statements="16" coveredstatements="11" conditionals="24" coveredconditionals="5" methods="9" coveredmethods="4"/>
        <line num="4" count="2" type="stmt"/>
        <line num="5" count="2" type="stmt"/>
        <line num="6" count="2" type="stmt"/>
        <line num="22" count="6" type="stmt"/>
        <line num="23" count="6" type="stmt"/>
        <line num="27" count="2" type="stmt"/>
        <line num="28" count="2" type="stmt"/>
        <line num="32" count="1" type="cond" truecount="5" falsecount="1"/>
        <line num="36" count="0" type="cond" truecount="0" falsecount="6"/>
        <line num="40" count="0" type="cond" truecount="0" falsecount="6"/>
        <line num="44" count="0" type="cond" truecount="0" falsecount="6"/>
        <line num="57" count="0" type="stmt"/>
        <line num="61" count="0" type="stmt"/>
        <line num="65" count="2" type="stmt"/>
        <line num="66" count="2" type="stmt"/>
        <line num="70" count="2" type="stmt"/>
      </file>
    </package>
    <package name="src.common.enums">
      <metrics statements="2" coveredstatements="2" conditionals="2" coveredconditionals="2" methods="1" coveredmethods="1"/>
      <file name="enums.ts" path="D:\Programming\Projects\Packages\request-details\src\common\enums\enums.ts">
        <metrics statements="2" coveredstatements="2" conditionals="2" coveredconditionals="2" methods="1" coveredmethods="1"/>
        <line num="1" count="2" type="cond" truecount="2" falsecount="0"/>
        <line num="2" count="2" type="stmt"/>
      </file>
    </package>
    <package name="src.plugins">
      <metrics statements="13" coveredstatements="12" conditionals="1" coveredconditionals="0" methods="2" coveredmethods="2"/>
      <file name="iplocate.plugins.ts" path="D:\Programming\Projects\Packages\request-details\src\plugins\iplocate.plugins.ts">
        <metrics statements="10" coveredstatements="9" conditionals="1" coveredconditionals="0" methods="2" coveredmethods="2"/>
        <line num="1" count="2" type="stmt"/>
        <line num="3" count="2" type="stmt"/>
        <line num="6" count="1" type="stmt"/>
        <line num="11" count="1" type="stmt"/>
        <line num="12" count="1" type="cond" truecount="0" falsecount="1"/>
        <line num="13" count="0" type="stmt"/>
        <line num="15" count="1" type="stmt"/>
        <line num="19" count="1" type="stmt"/>
        <line num="20" count="1" type="stmt"/>
        <line num="24" count="2" type="stmt"/>
      </file>
      <file name="ua-parser-js.plugin.ts" path="D:\Programming\Projects\Packages\request-details\src\plugins\ua-parser-js.plugin.ts">
        <metrics statements="3" coveredstatements="3" conditionals="0" coveredconditionals="0" methods="0" coveredmethods="0"/>
        <line num="1" count="2" type="stmt"/>
        <line num="2" count="2" type="stmt"/>
        <line num="4" count="2" type="stmt"/>
      </file>
    </package>
    <package name="src.utils">
      <metrics statements="8" coveredstatements="5" conditionals="2" coveredconditionals="1" methods="5" coveredmethods="2"/>
      <file name="axios.ts" path="D:\Programming\Projects\Packages\request-details\src\utils\axios.ts">
        <metrics statements="8" coveredstatements="5" conditionals="2" coveredconditionals="1" methods="5" coveredmethods="2"/>
        <line num="1" count="2" type="stmt"/>
        <line num="6" count="1" type="cond" truecount="1" falsecount="1"/>
        <line num="12" count="1" type="stmt"/>
        <line num="16" count="1" type="stmt"/>
        <line num="20" count="0" type="stmt"/>
        <line num="24" count="0" type="stmt"/>
        <line num="28" count="0" type="stmt"/>
        <line num="32" count="2" type="stmt"/>
      </file>
    </package>
  </project>
</coverage>
