{"D:\\Programming\\Projects\\Packages\\request-details\\src\\index.ts": {"path":"D:\\Programming\\Projects\\Packages\\request-details\\src\\index.ts","statementMap":{"0":{"start":{"line":1,"column":0},"end":{"line":1,"column":45}},"1":{"start":{"line":2,"column":0},"end":{"line":2,"column":29}}},"fnMap":{},"branchMap":{},"s":{"0":1,"1":1},"f":{},"b":{}}
,"D:\\Programming\\Projects\\Packages\\request-details\\src\\request_detail.ts": {"path":"D:\\Programming\\Projects\\Packages\\request-details\\src\\request_detail.ts","statementMap":{"0":{"start":{"line":4,"column":0},"end":{"line":4,"column":50}},"1":{"start":{"line":5,"column":0},"end":{"line":5,"column":22}},"2":{"start":{"line":6,"column":0},"end":{"line":6,"column":47}},"3":{"start":{"line":22,"column":22},"end":{"line":22,"column":34}},"4":{"start":{"line":23,"column":4},"end":{"line":23,"column":21}},"5":{"start":{"line":27,"column":15},"end":{"line":27,"column":26}},"6":{"start":{"line":28,"column":4},"end":{"line":28,"column":40}},"7":{"start":{"line":32,"column":4},"end":{"line":32,"column":58}},"8":{"start":{"line":36,"column":4},"end":{"line":36,"column":63}},"9":{"start":{"line":40,"column":4},"end":{"line":40,"column":62}},"10":{"start":{"line":44,"column":4},"end":{"line":44,"column":59}},"11":{"start":{"line":57,"column":4},"end":{"line":57,"column":14}},"12":{"start":{"line":61,"column":4},"end":{"line":61,"column":40}},"13":{"start":{"line":65,"column":4},"end":{"line":65,"column":38}},"14":{"start":{"line":66,"column":4},"end":{"line":66,"column":11}},"15":{"start":{"line":70,"column":0},"end":{"line":70,"column":29}}},"fnMap":{"0":{"name":"(anonymous_1)","decl":{"start":{"line":22,"column":2},"end":{"line":22,"column":22}},"loc":{"start":{"line":22,"column":34},"end":{"line":24,"column":3}}},"1":{"name":"(anonymous_2)","decl":{"start":{"line":26,"column":2},"end":{"line":26,"column":11}},"loc":{"start":{"line":26,"column":11},"end":{"line":29,"column":3}}},"2":{"name":"(anonymous_3)","decl":{"start":{"line":31,"column":2},"end":{"line":31,"column":7}},"loc":{"start":{"line":31,"column":7},"end":{"line":33,"column":3}}},"3":{"name":"(anonymous_4)","decl":{"start":{"line":35,"column":2},"end":{"line":35,"column":12}},"loc":{"start":{"line":35,"column":12},"end":{"line":37,"column":3}}},"4":{"name":"(anonymous_5)","decl":{"start":{"line":39,"column":2},"end":{"line":39,"column":11}},"loc":{"start":{"line":39,"column":11},"end":{"line":41,"column":3}}},"5":{"name":"(anonymous_6)","decl":{"start":{"line":43,"column":2},"end":{"line":43,"column":8}},"loc":{"start":{"line":43,"column":8},"end":{"line":45,"column":3}}},"6":{"name":"(anonymous_7)","decl":{"start":{"line":56,"column":2},"end":{"line":56,"column":8}},"loc":{"start":{"line":56,"column":27},"end":{"line":58,"column":3}}},"7":{"name":"(anonymous_8)","decl":{"start":{"line":60,"column":2},"end":{"line":60,"column":8}},"loc":{"start":{"line":60,"column":33},"end":{"line":62,"column":3}}},"8":{"name":"(anonymous_9)","decl":{"start":{"line":64,"column":2},"end":{"line":64,"column":8}},"loc":{"start":{"line":64,"column":67},"end":{"line":67,"column":3}}}},"branchMap":{"0":{"loc":{"start":{"line":32,"column":11},"end":{"line":32,"column":57}},"type":"binary-expr","locations":[{"start":{"line":32,"column":11},"end":{"line":32,"column":49}},{"start":{"line":32,"column":53},"end":{"line":32,"column":57}}]},"1":{"loc":{"start":{"line":32,"column":11},"end":{"line":32,"column":49}},"type":"cond-expr","locations":[{"start":{"line":32,"column":45},"end":{"line":32,"column":47}},{"start":{"line":32,"column":45},"end":{"line":32,"column":49}}]},"2":{"loc":{"start":{"line":32,"column":11},"end":{"line":32,"column":47}},"type":"binary-expr","locations":[{"start":{"line":32,"column":11},"end":{"line":32,"column":47}},{"start":{"line":32,"column":45},"end":{"line":32,"column":47}}]},"3":{"loc":{"start":{"line":36,"column":11},"end":{"line":36,"column":62}},"type":"binary-expr","locations":[{"start":{"line":36,"column":11},"end":{"line":36,"column":54}},{"start":{"line":36,"column":58},"end":{"line":36,"column":62}}]},"4":{"loc":{"start":{"line":36,"column":11},"end":{"line":36,"column":54}},"type":"cond-expr","locations":[{"start":{"line":36,"column":45},"end":{"line":36,"column":47}},{"start":{"line":36,"column":45},"end":{"line":36,"column":54}}]},"5":{"loc":{"start":{"line":36,"column":11},"end":{"line":36,"column":47}},"type":"binary-expr","locations":[{"start":{"line":36,"column":11},"end":{"line":36,"column":47}},{"start":{"line":36,"column":45},"end":{"line":36,"column":47}}]},"6":{"loc":{"start":{"line":40,"column":11},"end":{"line":40,"column":61}},"type":"binary-expr","locations":[{"start":{"line":40,"column":11},"end":{"line":40,"column":53}},{"start":{"line":40,"column":57},"end":{"line":40,"column":61}}]},"7":{"loc":{"start":{"line":40,"column":11},"end":{"line":40,"column":53}},"type":"cond-expr","locations":[{"start":{"line":40,"column":45},"end":{"line":40,"column":47}},{"start":{"line":40,"column":45},"end":{"line":40,"column":53}}]},"8":{"loc":{"start":{"line":40,"column":11},"end":{"line":40,"column":47}},"type":"binary-expr","locations":[{"start":{"line":40,"column":11},"end":{"line":40,"column":47}},{"start":{"line":40,"column":45},"end":{"line":40,"column":47}}]},"9":{"loc":{"start":{"line":44,"column":11},"end":{"line":44,"column":58}},"type":"binary-expr","locations":[{"start":{"line":44,"column":11},"end":{"line":44,"column":50}},{"start":{"line":44,"column":54},"end":{"line":44,"column":58}}]},"10":{"loc":{"start":{"line":44,"column":11},"end":{"line":44,"column":50}},"type":"cond-expr","locations":[{"start":{"line":44,"column":45},"end":{"line":44,"column":47}},{"start":{"line":44,"column":45},"end":{"line":44,"column":50}}]},"11":{"loc":{"start":{"line":44,"column":11},"end":{"line":44,"column":47}},"type":"binary-expr","locations":[{"start":{"line":44,"column":11},"end":{"line":44,"column":47}},{"start":{"line":44,"column":45},"end":{"line":44,"column":47}}]}},"s":{"0":2,"1":2,"2":2,"3":6,"4":6,"5":2,"6":2,"7":1,"8":0,"9":0,"10":0,"11":0,"12":0,"13":2,"14":2,"15":2},"f":{"0":6,"1":2,"2":1,"3":0,"4":0,"5":0,"6":0,"7":0,"8":2},"b":{"0":[1,1],"1":[1,0],"2":[1,1],"3":[0,0],"4":[0,0],"5":[0,0],"6":[0,0],"7":[0,0],"8":[0,0],"9":[0,0],"10":[0,0],"11":[0,0]}}
,"D:\\Programming\\Projects\\Packages\\request-details\\src\\common\\enums\\enums.ts": {"path":"D:\\Programming\\Projects\\Packages\\request-details\\src\\common\\enums\\enums.ts","statementMap":{"0":{"start":{"line":1,"column":0},"end":{"line":1,"column":null}},"1":{"start":{"line":2,"column":2},"end":{"line":2,"column":null}}},"fnMap":{"0":{"name":"(anonymous_0)","decl":{"start":{"line":1,"column":0},"end":{"line":1,"column":12}},"loc":{"start":{"line":1,"column":16},"end":{"line":3,"column":1}}}},"branchMap":{"0":{"loc":{"start":{"line":1,"column":12},"end":{"line":1,"column":null}},"type":"binary-expr","locations":[{"start":{"line":1,"column":12},"end":{"line":1,"column":16}},{"start":{"line":1,"column":12},"end":{"line":1,"column":null}}]}},"s":{"0":2,"1":2},"f":{"0":2},"b":{"0":[2,2]}}
,"D:\\Programming\\Projects\\Packages\\request-details\\src\\plugins\\iplocate.plugins.ts": {"path":"D:\\Programming\\Projects\\Packages\\request-details\\src\\plugins\\iplocate.plugins.ts","statementMap":{"0":{"start":{"line":1,"column":0},"end":{"line":1,"column":45}},"1":{"start":{"line":3,"column":0},"end":{"line":3,"column":35}},"2":{"start":{"line":11,"column":22},"end":{"line":11,"column":36}},"3":{"start":{"line":6,"column":10},"end":{"line":9,"column":4}},"4":{"start":{"line":12,"column":4},"end":{"line":14,"column":null}},"5":{"start":{"line":13,"column":6},"end":{"line":13,"column":44}},"6":{"start":{"line":15,"column":4},"end":{"line":15,"column":50}},"7":{"start":{"line":19,"column":21},"end":{"line":19,"column":71}},"8":{"start":{"line":20,"column":4},"end":{"line":20,"column":39}},"9":{"start":{"line":24,"column":0},"end":{"line":24,"column":24}}},"fnMap":{"0":{"name":"(anonymous_8)","decl":{"start":{"line":11,"column":2},"end":{"line":11,"column":22}},"loc":{"start":{"line":11,"column":36},"end":{"line":16,"column":3}}},"1":{"name":"(anonymous_9)","decl":{"start":{"line":18,"column":8},"end":{"line":18,"column":17}},"loc":{"start":{"line":18,"column":28},"end":{"line":21,"column":null}}}},"branchMap":{"0":{"loc":{"start":{"line":12,"column":4},"end":{"line":14,"column":null}},"type":"if","locations":[{"start":{"line":12,"column":4},"end":{"line":14,"column":null}}]}},"s":{"0":2,"1":2,"2":1,"3":1,"4":1,"5":0,"6":1,"7":1,"8":1,"9":2},"f":{"0":1,"1":1},"b":{"0":[0]}}
,"D:\\Programming\\Projects\\Packages\\request-details\\src\\plugins\\ua-parser-js.plugin.ts": {"path":"D:\\Programming\\Projects\\Packages\\request-details\\src\\plugins\\ua-parser-js.plugin.ts","statementMap":{"0":{"start":{"line":1,"column":0},"end":{"line":1,"column":34}},"1":{"start":{"line":2,"column":11},"end":{"line":2,"column":17}},"2":{"start":{"line":4,"column":0},"end":{"line":4,"column":18}}},"fnMap":{},"branchMap":{},"s":{"0":2,"1":2,"2":2},"f":{},"b":{}}
,"D:\\Programming\\Projects\\Packages\\request-details\\src\\utils\\axios.ts": {"path":"D:\\Programming\\Projects\\Packages\\request-details\\src\\utils\\axios.ts","statementMap":{"0":{"start":{"line":1,"column":0},"end":{"line":1,"column":65}},"1":{"start":{"line":6,"column":21},"end":{"line":11,"column":6}},"2":{"start":{"line":12,"column":4},"end":{"line":12,"column":43}},"3":{"start":{"line":16,"column":4},"end":{"line":16,"column":34}},"4":{"start":{"line":20,"column":4},"end":{"line":20,"column":41}},"5":{"start":{"line":24,"column":4},"end":{"line":24,"column":40}},"6":{"start":{"line":28,"column":4},"end":{"line":28,"column":37}},"7":{"start":{"line":32,"column":0},"end":{"line":32,"column":21}}},"fnMap":{"0":{"name":"(anonymous_1)","decl":{"start":{"line":5,"column":2},"end":{"line":5,"column":14}},"loc":{"start":{"line":5,"column":47},"end":{"line":13,"column":3}}},"1":{"name":"(anonymous_2)","decl":{"start":{"line":15,"column":2},"end":{"line":15,"column":5}},"loc":{"start":{"line":15,"column":17},"end":{"line":17,"column":3}}},"2":{"name":"(anonymous_3)","decl":{"start":{"line":19,"column":2},"end":{"line":19,"column":6}},"loc":{"start":{"line":19,"column":29},"end":{"line":21,"column":3}}},"3":{"name":"(anonymous_4)","decl":{"start":{"line":23,"column":2},"end":{"line":23,"column":5}},"loc":{"start":{"line":23,"column":28},"end":{"line":25,"column":3}}},"4":{"name":"(anonymous_5)","decl":{"start":{"line":27,"column":2},"end":{"line":27,"column":8}},"loc":{"start":{"line":27,"column":20},"end":{"line":29,"column":3}}}},"branchMap":{"0":{"loc":{"start":{"line":6,"column":21},"end":{"line":11,"column":6}},"type":"binary-expr","locations":[{"start":{"line":6,"column":21},"end":{"line":6,"column":28}},{"start":{"line":6,"column":32},"end":{"line":11,"column":6}}]}},"s":{"0":2,"1":1,"2":1,"3":1,"4":0,"5":0,"6":0,"7":2},"f":{"0":1,"1":1,"2":0,"3":0,"4":0},"b":{"0":[1,0]}}
}
