TN:
SF:src\index.ts
FNF:0
FNH:0
DA:1,1
DA:2,1
LF:2
LH:2
BRF:0
BRH:0
end_of_record
TN:
SF:src\request_detail.ts
FN:22,(anonymous_1)
FN:26,(anonymous_2)
FN:31,(anonymous_3)
FN:35,(anonymous_4)
FN:39,(anonymous_5)
FN:43,(anonymous_6)
FN:56,(anonymous_7)
FN:60,(anonymous_8)
FN:64,(anonymous_9)
FNF:9
FNH:4
FNDA:6,(anonymous_1)
FNDA:2,(anonymous_2)
FNDA:1,(anonymous_3)
FNDA:0,(anonymous_4)
FNDA:0,(anonymous_5)
FNDA:0,(anonymous_6)
FNDA:0,(anonymous_7)
FNDA:0,(anonymous_8)
FNDA:2,(anonymous_9)
DA:4,2
DA:5,2
DA:6,2
DA:22,6
DA:23,6
DA:27,2
DA:28,2
DA:32,1
DA:36,0
DA:40,0
DA:44,0
DA:57,0
DA:61,0
DA:65,2
DA:66,2
DA:70,2
LF:16
LH:11
BRDA:32,0,0,1
BRDA:32,0,1,1
BRDA:32,1,0,1
BRDA:32,1,1,0
BRDA:32,2,0,1
BRDA:32,2,1,1
BRDA:36,3,0,0
BRDA:36,3,1,0
BRDA:36,4,0,0
BRDA:36,4,1,0
BRDA:36,5,0,0
BRDA:36,5,1,0
BRDA:40,6,0,0
BRDA:40,6,1,0
BRDA:40,7,0,0
BRDA:40,7,1,0
BRDA:40,8,0,0
BRDA:40,8,1,0
BRDA:44,9,0,0
BRDA:44,9,1,0
BRDA:44,10,0,0
BRDA:44,10,1,0
BRDA:44,11,0,0
BRDA:44,11,1,0
BRF:24
BRH:5
end_of_record
TN:
SF:src\common\enums\enums.ts
FN:1,(anonymous_0)
FNF:1
FNH:1
FNDA:2,(anonymous_0)
DA:1,2
DA:2,2
LF:2
LH:2
BRDA:1,0,0,2
BRDA:1,0,1,2
BRF:2
BRH:2
end_of_record
TN:
SF:src\plugins\iplocate.plugins.ts
FN:11,(anonymous_8)
FN:18,(anonymous_9)
FNF:2
FNH:2
FNDA:1,(anonymous_8)
FNDA:1,(anonymous_9)
DA:1,2
DA:3,2
DA:6,1
DA:11,1
DA:12,1
DA:13,0
DA:15,1
DA:19,1
DA:20,1
DA:24,2
LF:10
LH:9
BRDA:12,0,0,0
BRF:1
BRH:0
end_of_record
TN:
SF:src\plugins\ua-parser-js.plugin.ts
FNF:0
FNH:0
DA:1,2
DA:2,2
DA:4,2
LF:3
LH:3
BRF:0
BRH:0
end_of_record
TN:
SF:src\utils\axios.ts
FN:5,(anonymous_1)
FN:15,(anonymous_2)
FN:19,(anonymous_3)
FN:23,(anonymous_4)
FN:27,(anonymous_5)
FNF:5
FNH:2
FNDA:1,(anonymous_1)
FNDA:1,(anonymous_2)
FNDA:0,(anonymous_3)
FNDA:0,(anonymous_4)
FNDA:0,(anonymous_5)
DA:1,2
DA:6,1
DA:12,1
DA:16,1
DA:20,0
DA:24,0
DA:28,0
DA:32,2
LF:8
LH:5
BRDA:6,0,0,1
BRDA:6,0,1,0
BRF:2
BRH:1
end_of_record
